<?xml version="1.0" encoding="UTF-8"?>
<!-- Generated by org.testng.reporters.JUnitReportReporter -->
<testsuite hostname="LAPTOP-JSP5LVS3" failures="0" tests="1" name="testCases.TC_008_UpdateStatus" time="12.410" errors="0" timestamp="2023-08-12T02:05:03 IST" skipped="0">
  <testcase classname="testCases.TC_008_UpdateStatus" name="VerifyStatusUpdate" time="12.410"/>
  <system-out/>
</testsuite> <!-- testCases.TC_008_UpdateStatus -->
