<?xml version="1.0" encoding="UTF-8"?>
<!-- Generated by org.testng.reporters.JUnitReportReporter -->
<testsuite hostname="LAPTOP-JSP5LVS3" failures="0" tests="1" name="testCases.TC_001_UserLoginWithValidCredentials" time="6.374" errors="0" timestamp="2023-07-22T00:59:12 IST" skipped="0">
  <testcase classname="testCases.TC_001_UserLoginWithValidCredentials" name="loginWithValidCredentials" time="6.374"/>
  <system-out/>
</testsuite> <!-- testCases.TC_001_UserLoginWithValidCredentials -->
