<?xml version="1.0" encoding="UTF-8"?>
<!-- Generated by org.testng.reporters.JUnitReportReporter -->
<testsuite hostname="LAPTOP-JSP5LVS3" failures="0" tests="1" name="testCases.TC_005_SearchBySkill" time="6.113" errors="0" timestamp="2023-07-21T01:27:25 IST" skipped="0">
  <testcase classname="testCases.TC_005_SearchBySkill" name="verifySearchWithValidSkill" time="6.113"/>
  <system-out/>
</testsuite> <!-- testCases.TC_005_SearchBySkill -->
