<?xml version="1.0" encoding="UTF-8"?>
<!-- Generated by org.testng.reporters.JUnitReportReporter -->
<testsuite hostname="LAPTOP-JSP5LVS3" failures="0" tests="1" name="testCases.TC_007_AddInterviewWithAllFields" time="23.815" errors="0" timestamp="2023-08-09T03:15:37 IST" skipped="0">
  <testcase classname="testCases.TC_007_AddInterviewWithAllFields" name="addInterview" time="23.815"/>
  <system-out/>
</testsuite> <!-- testCases.TC_007_AddInterviewWithAllFields -->
