<?xml version="1.0" encoding="UTF-8"?>
<!-- Generated by org.testng.reporters.JUnitReportReporter -->
<testsuite hostname="LAPTOP-JSP5LVS3" failures="0" tests="2" name="testCases.TC_001_UserLoginTest" time="23.610" errors="0" timestamp="2023-07-14T21:49:22 IST" skipped="0">
  <testcase classname="testCases.TC_001_UserLoginTest" name="loginWithValidCredentials" time="13.082"/>
  <system-out/>
  <testcase classname="testCases.TC_001_UserLoginTest" name="loginWithInvalidCredentials" time="10.528"/>
  <system-out/>
</testsuite> <!-- testCases.TC_001_UserLoginTest -->
