<?xml version="1.0" encoding="UTF-8"?>
<!-- Generated by org.testng.reporters.JUnitReportReporter -->
<testsuite hostname="LAPTOP-JSP5LVS3" failures="0" tests="1" name="testCases.LoginTestCases.TC_002_UserLoginWithInvalidCredentials" time="1.427" errors="0" timestamp="2023-07-15T02:23:02 IST" skipped="0">
  <testcase classname="testCases.LoginTestCases.TC_002_UserLoginWithInvalidCredentials" name="loginWithInvalidCredentials" time="1.427"/>
  <system-out/>
</testsuite> <!-- testCases.LoginTestCases.TC_002_UserLoginWithInvalidCredentials -->
