<?xml version="1.0" encoding="UTF-8"?>
<!-- Generated by org.testng.reporters.JUnitReportReporter -->
<testsuite hostname="LAPTOP-JSP5LVS3" failures="0" tests="1" name="testCases.TC_005_SearchBySkill" time="7.700" errors="0" timestamp="2023-07-25T21:05:00 IST" skipped="0">
  <testcase classname="testCases.TC_005_SearchBySkill" name="verifySearchWithValidSkill" time="7.700"/>
  <system-out/>
</testsuite> <!-- testCases.TC_005_SearchBySkill -->
