<?xml version="1.0" encoding="UTF-8"?>
<!-- Generated by org.testng.reporters.JUnitReportReporter -->
<testsuite hostname="LAPTOP-JSP5LVS3" failures="0" tests="1" name="testCases.TC_002_UserLoginWithInvalidCredentials" time="1.455" errors="0" timestamp="2023-07-20T00:46:02 IST" skipped="0">
  <testcase classname="testCases.TC_002_UserLoginWithInvalidCredentials" name="loginWithInvalidCredentials" time="1.455"/>
  <system-out/>
</testsuite> <!-- testCases.TC_002_UserLoginWithInvalidCredentials -->
