<?xml version="1.0" encoding="UTF-8"?>
<!-- Generated by org.testng.reporters.JUnitReportReporter -->
<testsuite hostname="LAPTOP-JSP5LVS3" failures="0" tests="1" name="testCases.TC004_SearchByConsultant" time="7.744" errors="0" timestamp="2023-07-22T01:25:40 IST" skipped="0">
  <testcase classname="testCases.TC004_SearchByConsultant" name="verifySearchWithValidConsultant" time="7.744"/>
</testsuite> <!-- testCases.TC004_SearchByConsultant -->
